<?xml version="1.0" encoding="UTF-8"?>
<!-- Generated by org.testng.reporters.JUnitXMLReporter -->
<testsuite hostname="N-5CG6440831" ignored="0" name="Login test cases" tests="4" failures="0" timestamp="2020-07-23T16:52:30 IST" time="32.985" errors="0">
  <testcase name="BothCorrect1" time="8.162" classname="loginpage.LoginPage"/>
  <testcase name="BothCorrect1" time="6.842" classname="loginpage.LoginPage"/>
  <testcase name="BothCorrect1" time="10.498" classname="loginpage.LoginPage"/>
  <testcase name="BothCorrect1" time="7.32" classname="loginpage.LoginPage"/>
</testsuite> <!-- Login test cases -->
